<?xml version="1.0" encoding="UTF-8"?>
<!-- Generated by org.testng.reporters.JUnitReportReporter -->
<testsuite hostname="classroom-PC" name="myPack.Deepti" tests="6" failures="0" timestamp="26 Jun 2019 10:58:19 GMT" time="39.371" errors="0">
  <testcase name="deleteEmp" time="0.000" classname="myPack.Deepti"/>
  <testcase name="verifyLogin" time="9.140" classname="myPack.Deepti"/>
  <testcase name="addLocation" time="0.001" classname="myPack.Deepti"/>
  <testcase name="editLocation" time="0.000" classname="myPack.Deepti"/>
  <testcase name="addEmp" time="30.230" classname="myPack.Deepti"/>
  <testcase name="editEmp" time="0.000" classname="myPack.Deepti"/>
</testsuite> <!-- myPack.Deepti -->
